{
  "stats": {
    "suites": 3,
    "tests": 5,
    "passes": 5,
    "pending": 0,
    "failures": 0,
    "start": "2018-04-15T12:50:11.681Z",
    "end": "2018-04-15T12:50:14.688Z",
    "duration": 3007,
    "testsRegistered": 5,
    "passPercent": 100,
    "pendingPercent": 0,
    "other": 0,
    "hasOther": false,
    "skipped": 0,
    "hasSkipped": false,
    "passPercentClass": "success",
    "pendingPercentClass": "danger"
  },
  "suites": {
    "uuid": "83e58b0f-724b-4b27-ae70-a25b7ec9f087",
    "title": "",
    "fullFile": "",
    "file": "",
    "beforeHooks": [],
    "afterHooks": [],
    "tests": [],
    "suites": [
      {
        "uuid": "43d55bc2-d7a1-4f39-a888-5cf4cc90af63",
        "title": "开门测试 - 异步",
        "fullFile": "D:\\Oliver\\极酷资料\\1、软件开发\\checkCabinet\\开发代码\\后台API\\checkCabinetAPI\\test\\checkBusiness.test.js",
        "file": "\\test\\checkBusiness.test.js",
        "beforeHooks": [],
        "afterHooks": [],
        "tests": [
          {
            "title": "开门成功",
            "fullTitle": "开门测试 - 异步 开门成功",
            "timedOut": false,
            "duration": 2983,
            "state": "passed",
            "speed": "slow",
            "pass": true,
            "fail": false,
            "pending": false,
            "code": "result = await checkBusiness.openBox('111129', 1);\nconsole.log('result: ',result);\nexpect(result).to.be.equal(200);",
            "err": {},
            "isRoot": false,
            "uuid": "ce47ab2e-e677-491a-b517-82a54c63827b",
            "isHook": false,
            "skipped": false
          }
        ],
        "suites": [],
        "passes": [
          "ce47ab2e-e677-491a-b517-82a54c63827b"
        ],
        "failures": [],
        "pending": [],
        "skipped": [],
        "duration": 2983,
        "root": false,
        "rootEmpty": false,
        "_timeout": 10000
      },
      {
        "uuid": "d54723d0-d507-4fd3-b540-f88b33f065be",
        "title": "头部校验测试-同步",
        "fullFile": "D:\\Oliver\\极酷资料\\1、软件开发\\checkCabinet\\开发代码\\后台API\\checkCabinetAPI\\test\\common.test.js",
        "file": "\\test\\common.test.js",
        "beforeHooks": [],
        "afterHooks": [],
        "tests": [
          {
            "title": "头部校验失败",
            "fullTitle": "头部校验测试-同步 头部校验失败",
            "timedOut": false,
            "duration": 0,
            "state": "passed",
            "speed": "fast",
            "pass": true,
            "fail": false,
            "pending": false,
            "code": "requestHead = {\n    password: '123'\n}\ncheckResult = common.checkHead(requestHead);\nexpect(checkResult.pass).to.be.equal(false);",
            "err": {},
            "isRoot": false,
            "uuid": "933ccbc1-455e-4024-8cd5-442ad014f157",
            "isHook": false,
            "skipped": false
          },
          {
            "title": "头部校验成功",
            "fullTitle": "头部校验测试-同步 头部校验成功",
            "timedOut": false,
            "duration": 0,
            "state": "passed",
            "speed": "fast",
            "pass": true,
            "fail": false,
            "pending": false,
            "code": "requestHead = {\n    password: '95951a18-5a9e-da26-ad13-64dcc6e11208'\n}\ncheckResult = common.checkHead(requestHead);\nexpect(checkResult.pass).to.be.equal(true);",
            "err": {},
            "isRoot": false,
            "uuid": "8dc65ea8-17b4-4dee-96d4-bf2660382fff",
            "isHook": false,
            "skipped": false
          }
        ],
        "suites": [],
        "passes": [
          "933ccbc1-455e-4024-8cd5-442ad014f157",
          "8dc65ea8-17b4-4dee-96d4-bf2660382fff"
        ],
        "failures": [],
        "pending": [],
        "skipped": [],
        "duration": 0,
        "root": false,
        "rootEmpty": false,
        "_timeout": 10000
      },
      {
        "uuid": "82e31d7c-2800-4aca-84a2-d98822e2d1d7",
        "title": "http请求参数校验",
        "fullFile": "D:\\Oliver\\极酷资料\\1、软件开发\\checkCabinet\\开发代码\\后台API\\checkCabinetAPI\\test\\common.test.js",
        "file": "\\test\\common.test.js",
        "beforeHooks": [],
        "afterHooks": [],
        "tests": [
          {
            "title": "http请求参数校验失败",
            "fullTitle": "http请求参数校验 http请求参数校验失败",
            "timedOut": false,
            "duration": 0,
            "state": "passed",
            "speed": "fast",
            "pass": true,
            "fail": false,
            "pending": false,
            "code": "checkList = {\n    phone_no: [\"string\", true]\n};\nreqBody = {\n    phone_no: 13570508312\n};\nresult = common.checkParam(checkList, reqBody);\nexpect(result.pass).to.be.equal(false);",
            "err": {},
            "isRoot": false,
            "uuid": "8cf1a5ef-1054-460b-912b-75786386ddc1",
            "isHook": false,
            "skipped": false
          },
          {
            "title": "http请求参数校验成功",
            "fullTitle": "http请求参数校验 http请求参数校验成功",
            "timedOut": false,
            "duration": 0,
            "state": "passed",
            "speed": "fast",
            "pass": true,
            "fail": false,
            "pending": false,
            "code": "checkList = {\n    phone_no: [\"string\", true]\n};\nreqBody = {\n    phone_no: '13570508312'\n};\nresult = common.checkParam(checkList, reqBody);\nexpect(result.pass).to.be.equal(true);",
            "err": {},
            "isRoot": false,
            "uuid": "3faca1b6-c67a-4152-9398-f5a14a6ed088",
            "isHook": false,
            "skipped": false
          }
        ],
        "suites": [],
        "passes": [
          "8cf1a5ef-1054-460b-912b-75786386ddc1",
          "3faca1b6-c67a-4152-9398-f5a14a6ed088"
        ],
        "failures": [],
        "pending": [],
        "skipped": [],
        "duration": 0,
        "root": false,
        "rootEmpty": false,
        "_timeout": 10000
      }
    ],
    "passes": [],
    "failures": [],
    "pending": [],
    "skipped": [],
    "duration": 0,
    "root": true,
    "rootEmpty": true,
    "_timeout": 10000
  },
  "copyrightYear": 2018
}